<?xml version="1.0" encoding="UTF-8"?>
<testsuite xmlns:xsi="http://www.w3.org/2001/XMLSchema-instance" xsi:noNamespaceSchemaLocation="https://maven.apache.org/surefire/maven-surefire-plugin/xsd/surefire-test-report-3.0.xsd" version="3.0" name="uk.ac.ed.inf.RestUnitTests" time="1.553" tests="15" errors="0" skipped="0" failures="0">
  <properties>
[...]
</properties>
  <testcase name="testGetIsAliveSuccessFalse" classname="uk.ac.ed.inf.RestUnitTests" time="1.492"/>
  <testcase name="testGetCentralAreaExceptionHandling2" classname="uk.ac.ed.inf.RestUnitTests" time="0.006">
    <system-err><![CDATA[Unable to retrieve central area
]]></system-err>
  </testcase>
  <testcase name="testGetIsAliveExceptionHandling" classname="uk.ac.ed.inf.RestUnitTests" time="0.001">
    <system-err><![CDATA[Cannot reach the isAlive endpoint
]]></system-err>
  </testcase>
  <testcase name="testGetIsAliveSuccessTrue" classname="uk.ac.ed.inf.RestUnitTests" time="0.001"/>
  <testcase name="testGetNoFlyZonesExceptionHandlin2" classname="uk.ac.ed.inf.RestUnitTests" time="0.001">
    <system-err><![CDATA[Unable to retrieve no-fly zones
]]></system-err>
  </testcase>
  <testcase name="testGetNoFlyZonesExceptionHandling" classname="uk.ac.ed.inf.RestUnitTests" time="0.002">
    <system-err><![CDATA[Unable to retrieve no-fly zones
]]></system-err>
  </testcase>
  <testcase name="testGetCentralAreaExceptionHandling" classname="uk.ac.ed.inf.RestUnitTests" time="0.001">
    <system-err><![CDATA[Unable to retrieve central area
]]></system-err>
  </testcase>
  <testcase name="getRestaurantsSuccessTest" classname="uk.ac.ed.inf.RestUnitTests" time="0.005"/>
  <testcase name="testGetOrderByDateExceptionHandling" classname="uk.ac.ed.inf.RestUnitTests" time="0.029">
    <system-err><![CDATA[Unable to retrieve orders by date: 2020-01-01
]]></system-err>
  </testcase>
  <testcase name="testGetCentralAreaSuccess" classname="uk.ac.ed.inf.RestUnitTests" time="0.003"/>
  <testcase name="testGetOrderByDateExceptionHandling2" classname="uk.ac.ed.inf.RestUnitTests" time="0.002">
    <system-err><![CDATA[Unable to retrieve orders by date: 2020-01-01
]]></system-err>
  </testcase>
  <testcase name="testGetRestaurantsExceptionHandling" classname="uk.ac.ed.inf.RestUnitTests" time="0.001">
    <system-err><![CDATA[Unable to retrieve restaurants
]]></system-err>
  </testcase>
  <testcase name="testGetNoFlyZonesSuccess" classname="uk.ac.ed.inf.RestUnitTests" time="0.001"/>
  <testcase name="testGetOrdersByDateSuccess" classname="uk.ac.ed.inf.RestUnitTests" time="0.002"/>
  <testcase name="testGetRestaurantsExceptionHandling2" classname="uk.ac.ed.inf.RestUnitTests" time="0.001">
    <system-err><![CDATA[Unable to retrieve restaurants
]]></system-err>
  </testcase>
</testsuite>